<?xml version="1.0" encoding="UTF-8"?>
<testsuite name="Proceso de compra en Swag Labs" tests="1" skipped="0" failures="0" errors="0" timestamp="2024-02-26T16:36:38" hostname="LENINBASANTES" time="19.095">
  <properties/>
  <testcase name="Ingresar a comprar con usuario y contrasenia" classname="Proceso de compra en Swag Labs" time="19.095"/>
  <system-out><![CDATA[]]></system-out>
  <system-err><![CDATA[Starting ChromeDriver 121.0.6167.184 (057a8ae7deb3374d0f1b04b36304d236f0136188-refs/branch-heads/6167@{#1818}) on port 14836
Only local connections are allowed.
Please see https://chromedriver.chromium.org/security-considerations for suggestions on keeping ChromeDriver safe.
ChromeDriver was started successfully.
feb 26, 2024 11:36:47 A.M. org.openqa.selenium.devtools.CdpVersionFinder findNearestMatch
ADVERTENCIA: Unable to find CDP implementation matching 121
feb 26, 2024 11:36:47 A.M. org.openqa.selenium.chromium.ChromiumDriver lambda$new$3
ADVERTENCIA: Unable to find version of CDP to use for . You may need to include a dependency on a specific version of the CDP using something similar to `org.seleniumhq.selenium:selenium-devtools-v86:4.8.3` where the version ("v86") matches the version of the chromium-based browser you're using and the version number of the artifact is the same as Selenium's.
]]></system-err>
</testsuite>
