<?xml version="1.0" encoding="UTF-8"?>
<testsuite name="Proceso de compra en Swag Labs" tests="1" skipped="0" failures="0" errors="0" timestamp="2024-02-27T20:09:10" hostname="LENINBASANTES" time="17.654">
  <properties/>
  <testcase name="Ingresar a comprar con usuario y contrasenia" classname="Proceso de compra en Swag Labs" time="17.654"/>
  <system-out><![CDATA[]]></system-out>
  <system-err><![CDATA[Starting ChromeDriver 122.0.6261.94 (880dbf29479c6152d5e4f08dfd3a96b30f919e56-refs/branch-heads/6261@{#960}) on port 39107
Only local connections are allowed.
Please see https://chromedriver.chromium.org/security-considerations for suggestions on keeping ChromeDriver safe.
ChromeDriver was started successfully.
feb 27, 2024 3:09:16 P.M. org.openqa.selenium.devtools.CdpVersionFinder findNearestMatch
ADVERTENCIA: Unable to find CDP implementation matching 122
feb 27, 2024 3:09:16 P.M. org.openqa.selenium.chromium.ChromiumDriver lambda$new$3
ADVERTENCIA: Unable to find version of CDP to use for . You may need to include a dependency on a specific version of the CDP using something similar to `org.seleniumhq.selenium:selenium-devtools-v86:4.8.3` where the version ("v86") matches the version of the chromium-based browser you're using and the version number of the artifact is the same as Selenium's.
]]></system-err>
</testsuite>
